hugo: collected modules in 664 msStart building sites … 
hugo v0.145.0-666444f0a52132f9fec9f71cf25b441cc6a4f355+extended linux/amd64 BuildDate=2025-02-26T15:41:25Z VendorInfo=snap:0.145.0


                   |  EN   
-------------------+-------
  Pages            |   28  
  Paginator pages  |    0  
  Non-page files   |    0  
  Static files     | 2204  
  Processed images |    0  
  Aliases          |    2  
  Cleaned          |    0  

Total in 4000 ms
sending incremental file list
./
404.html
index.html
index.json
index.xml
robots.txt
sitemap.xml
theme.css.map
theme.min.1fc584899dc49b8a16f3fb03b8b93307168d3cbfdff64cbdd87f3d149b47c639.css
theme.min.bb0851191447aa1518e91349573493da59c9ce96fbded709f00a48178ed92ed8.js
author/index.html
author/index.xml
categories/index.html
categories/index.xml
en/index.html
en/index.xml
en/page/1/index.html
en/posts/
en/posts/2025-03-28-bartholomews-existential-crisis-at-the-miniature-golf-course-130351/index.html
en/posts/2025-03-28-bartholomews-existential-crisis-at-the-miniature-golf-course-130351/index.xml
en/posts/2025-03-28-the-great-backyard-kickball-heist-134500/index.html
en/posts/2025-03-28-the-great-backyard-kickball-heist-134500/index.xml
en/posts/2025-03-28-the-great-gymnasium-escape-132650/index.html
en/posts/2025-03-28-the-great-gymnasium-escape-132650/index.xml
en/posts/2025-03-28-the-great-softball-escape-142537/index.html
en/posts/2025-03-28-the-great-softball-escape-142537/index.xml
en/posts/2025-03-28-the-great-stadium-slip-n-slide-133040/index.html
en/posts/2025-03-28-the-great-stadium-slip-n-slide-133040/index.xml
en/posts/2025-03-29-tennis-ball-tango-on-the-golf-course-080138/
en/posts/2025-03-29-tennis-ball-tango-on-the-golf-course-080138/index.html
en/posts/2025-03-29-tennis-ball-tango-on-the-golf-course-080138/index.xml
images/
images/flying-tennisball-080103.png
images/scene-080138.png
page/1/index.html
series/index.html
series/index.xml
tags/index.html
tags/index.xml

sent 1,698,420 bytes  received 5,519 bytes  1,135,959.33 bytes/sec
total size is 44,447,524  speedup is 26.09
Generating story...
Generating main image...
Generating image with ComfyUI...
Image generation started with prompt ID: 35447f0a-061a-433f-9d2c-fee79ae9aa99
Waiting for image generation...
Waiting for image generation...
Waiting for image generation...
Waiting for image generation...
Waiting for image generation...
Waiting for image generation...
Waiting for image generation...
Waiting for image generation...
Waiting for image generation...
Waiting for image generation...
Waiting for image generation...
Waiting for image generation...
Waiting for image generation...
Waiting for image generation...
Waiting for image generation...
Waiting for image generation...
Waiting for image generation...
Waiting for image generation...
Waiting for image generation...
Waiting for image generation...
Waiting for image generation...
Waiting for image generation...
Waiting for image generation...
Waiting for image generation...
Waiting for image generation...
Waiting for image generation...
Waiting for image generation...
Waiting for image generation...
Waiting for image generation...
Waiting for image generation...
Waiting for image generation...
Waiting for image generation...
Waiting for image generation...
Waiting for image generation...
Waiting for image generation...
Downloading image from ComfyUI...
Image saved to: static/images/flying-tennisball-080103.png
Generating scene image...
Generating scene image with ComfyUI...
Scene image generation started with prompt ID: 7e8885e1-c45c-4f6a-8e18-abe2ef607a4a
Waiting for scene image generation...
Waiting for scene image generation...
Waiting for scene image generation...
Waiting for scene image generation...
Waiting for scene image generation...
Waiting for scene image generation...
Waiting for scene image generation...
Waiting for scene image generation...
Waiting for scene image generation...
Waiting for scene image generation...
Waiting for scene image generation...
Waiting for scene image generation...
Waiting for scene image generation...
Waiting for scene image generation...
Waiting for scene image generation...
Waiting for scene image generation...
Waiting for scene image generation...
Waiting for scene image generation...
Waiting for scene image generation...
Waiting for scene image generation...
Waiting for scene image generation...
Waiting for scene image generation...
Waiting for scene image generation...
Waiting for scene image generation...
Waiting for scene image generation...
Waiting for scene image generation...
Waiting for scene image generation...
Waiting for scene image generation...
Waiting for scene image generation...
Waiting for scene image generation...
Waiting for scene image generation...
Waiting for scene image generation...
Waiting for scene image generation...
Waiting for scene image generation...
Waiting for scene image generation...
Downloading scene image from ComfyUI...
Scene image saved to: static/images/scene-080138.png
Creating blog post...
Blog post created at: content/en/posts/2025-03-29-tennis-ball-tango-on-the-golf-course-080138.md
Deploying...
Deployment successful!
